<?xml version="1.0" encoding="UTF-8"?>
<coverage generated="1480914162">
  <project timestamp="1480914162">
    <package name="live627\AddonHelper">
      <file name="D:\John\repos\elkarte-addon-helper\src/BitwiseFlag.php">
        <class name="BitwiseFlag" namespace="live627\AddonHelper">
          <metrics complexity="5" methods="4" coveredmethods="4" conditionals="0" coveredconditionals="0" statements="9" coveredstatements="9" elements="13" coveredelements="13"/>
        </class>
        <line num="22" type="method" name="__construct" visibility="protected" complexity="1" crap="1" count="4"/>
        <line num="24" type="stmt" count="4"/>
        <line num="25" type="stmt" count="4"/>
        <line num="27" type="method" name="isFlagSet" visibility="protected" complexity="1" crap="1" count="2"/>
        <line num="29" type="stmt" count="2"/>
        <line num="32" type="method" name="setFlag" visibility="protected" complexity="2" crap="2" count="4"/>
        <line num="34" type="stmt" count="4"/>
        <line num="35" type="stmt" count="4"/>
        <line num="36" type="stmt" count="4"/>
        <line num="37" type="stmt" count="2"/>
        <line num="39" type="stmt" count="4"/>
        <line num="47" type="method" name="__toString" visibility="public" complexity="1" crap="1" count="2"/>
        <line num="49" type="stmt" count="2"/>
        <metrics loc="51" ncloc="34" classes="1" methods="4" coveredmethods="4" conditionals="0" coveredconditionals="0" statements="9" coveredstatements="9" elements="13" coveredelements="13"/>
      </file>
      <file name="D:\John\repos\elkarte-addon-helper\src/Collection.php">
        <class name="Collection" namespace="live627\AddonHelper">
          <metrics complexity="3" methods="2" coveredmethods="2" conditionals="0" coveredconditionals="0" statements="6" coveredstatements="6" elements="8" coveredelements="8"/>
        </class>
        <line num="33" type="method" name="add" visibility="public" complexity="1" crap="1" count="7"/>
        <line num="35" type="stmt" count="7"/>
        <line num="37" type="stmt" count="7"/>
        <line num="47" type="method" name="getIterator" visibility="public" complexity="2" crap="2" count="7"/>
        <line num="49" type="stmt" count="7"/>
        <line num="50" type="stmt" count="6"/>
        <line num="51" type="stmt" count="7"/>
        <line num="52" type="stmt" count="7"/>
        <metrics loc="53" ncloc="23" classes="1" methods="2" coveredmethods="2" conditionals="0" coveredconditionals="0" statements="6" coveredstatements="6" elements="8" coveredelements="8"/>
      </file>
      <file name="D:\John\repos\elkarte-addon-helper\src/DataMapper.php">
        <class name="DataMapper" namespace="live627\AddonHelper">
          <metrics complexity="2" methods="1" coveredmethods="1" conditionals="0" coveredconditionals="0" statements="2" coveredstatements="2" elements="3" coveredelements="3"/>
        </class>
        <line num="25" type="method" name="__construct" visibility="public" complexity="2" crap="2" count="1"/>
        <line num="27" type="stmt" count="1"/>
        <line num="28" type="stmt" count="1"/>
        <metrics loc="29" ncloc="16" classes="1" methods="1" coveredmethods="1" conditionals="0" coveredconditionals="0" statements="2" coveredstatements="2" elements="3" coveredelements="3"/>
      </file>
      <file name="D:\John\repos\elkarte-addon-helper\src/DataValidator.php">
        <class name="DataValidator" namespace="live627\AddonHelper">
          <metrics complexity="6" methods="4" coveredmethods="4" conditionals="0" coveredconditionals="0" statements="22" coveredstatements="22" elements="26" coveredelements="26"/>
        </class>
        <line num="25" type="method" name="_validate_regex" visibility="protected" complexity="3" crap="3" count="4"/>
        <line num="27" type="stmt" count="4"/>
        <line num="29" type="stmt" count="4"/>
        <line num="30" type="stmt" count="2"/>
        <line num="33" type="stmt" count="2"/>
        <line num="35" type="stmt" count="1"/>
        <line num="36" type="stmt" count="1"/>
        <line num="37" type="stmt" count="1"/>
        <line num="38" type="stmt" count="1"/>
        <line num="40" type="stmt" count="1"/>
        <line num="49" type="method" name="processRegex" visibility="private" complexity="1" crap="1" count="2"/>
        <line num="52" type="stmt" count="2"/>
        <line num="55" type="stmt" count="2"/>
        <line num="57" type="stmt" count="2"/>
        <line num="58" type="stmt" count="2"/>
        <line num="59" type="stmt" count="2"/>
        <line num="61" type="stmt" count="2"/>
        <line num="69" type="method" name="handleError" visibility="public" complexity="1" crap="1" count="1"/>
        <line num="71" type="stmt" count="1"/>
        <line num="83" type="method" name="_sanitation_htmlpurifier" visibility="protected" complexity="1" crap="1" count="2"/>
        <line num="85" type="stmt" count="2"/>
        <line num="86" type="stmt" count="2"/>
        <line num="87" type="stmt" count="2"/>
        <line num="88" type="stmt" count="2"/>
        <line num="89" type="stmt" count="2"/>
        <line num="91" type="stmt" count="2"/>
        <metrics loc="93" ncloc="51" classes="1" methods="4" coveredmethods="4" conditionals="0" coveredconditionals="0" statements="22" coveredstatements="22" elements="26" coveredelements="26"/>
      </file>
      <file name="D:\John\repos\elkarte-addon-helper\src/Dispatcher.php">
        <class name="Dispatcher" namespace="live627\AddonHelper">
          <metrics complexity="8" methods="4" coveredmethods="4" conditionals="0" coveredconditionals="0" statements="30" coveredstatements="30" elements="34" coveredelements="34"/>
        </class>
        <line num="17" type="method" name="dispatch" visibility="public" complexity="2" crap="2" count="3"/>
        <line num="19" type="stmt" count="3"/>
        <line num="21" type="stmt" count="3"/>
        <line num="22" type="stmt" count="3"/>
        <line num="23" type="stmt" count="3"/>
        <line num="26" type="stmt" count="3"/>
        <line num="27" type="stmt" count="1"/>
        <line num="28" type="stmt" count="1"/>
        <line num="31" type="stmt" count="3"/>
        <line num="32" type="stmt" count="3"/>
        <line num="35" type="stmt" count="3"/>
        <line num="37" type="stmt" count="3"/>
        <line num="38" type="stmt" count="1"/>
        <line num="46" type="method" name="setTabData" visibility="private" complexity="1" crap="1" count="3"/>
        <line num="48" type="stmt" count="3"/>
        <line num="50" type="stmt" count="3"/>
        <line num="51" type="stmt" count="3"/>
        <line num="52" type="stmt" count="3"/>
        <line num="54" type="stmt" count="3"/>
        <line num="55" type="stmt" count="3"/>
        <line num="57" type="stmt" count="3"/>
        <line num="66" type="method" name="callSubAction" visibility="private" complexity="2" crap="2" count="3"/>
        <line num="69" type="stmt" count="3"/>
        <line num="70" type="stmt" count="1"/>
        <line num="73" type="stmt" count="2"/>
        <line num="74" type="stmt" count="1"/>
        <line num="82" type="method" name="loadSubTemplate" visibility="private" complexity="3" crap="3" count="3"/>
        <line num="84" type="stmt" count="3"/>
        <line num="86" type="stmt" count="3"/>
        <line num="87" type="stmt" count="3"/>
        <line num="88" type="stmt" count="1"/>
        <line num="89" type="stmt" count="1"/>
        <line num="90" type="stmt" count="2"/>
        <line num="92" type="stmt" count="3"/>
        <metrics loc="93" ncloc="59" classes="1" methods="4" coveredmethods="4" conditionals="0" coveredconditionals="0" statements="30" coveredstatements="30" elements="34" coveredelements="34"/>
      </file>
      <file name="D:\John\repos\elkarte-addon-helper\src/Linktree.php">
        <class name="Linktree" namespace="live627\AddonHelper">
          <metrics complexity="4" methods="3" coveredmethods="3" conditionals="0" coveredconditionals="0" statements="14" coveredstatements="14" elements="17" coveredelements="17"/>
        </class>
        <line num="17" type="method" name="execute" visibility="public" complexity="2" crap="2" count="6"/>
        <line num="19" type="stmt" count="6"/>
        <line num="21" type="stmt" count="6"/>
        <line num="23" type="stmt" count="6"/>
        <line num="24" type="stmt" count="6"/>
        <line num="25" type="stmt" count="6"/>
        <line num="26" type="stmt" count="6"/>
        <line num="27" type="stmt" count="6"/>
        <line num="29" type="stmt" count="6"/>
        <line num="30" type="stmt" count="6"/>
        <line num="31" type="stmt" count="6"/>
        <line num="33" type="method" name="add" visibility="public" complexity="1" crap="1" count="6"/>
        <line num="35" type="stmt" count="6"/>
        <line num="37" type="stmt" count="6"/>
        <line num="40" type="method" name="__construct" visibility="public" complexity="1" crap="1" count="6"/>
        <line num="42" type="stmt" count="6"/>
        <line num="43" type="stmt" count="6"/>
        <metrics loc="45" ncloc="38" classes="1" methods="3" coveredmethods="3" conditionals="0" coveredconditionals="0" statements="14" coveredstatements="14" elements="17" coveredelements="17"/>
      </file>
      <file name="D:\John\repos\elkarte-addon-helper\src/Menu.php">
        <class name="Menu" namespace="live627\AddonHelper">
          <metrics complexity="12" methods="6" coveredmethods="6" conditionals="0" coveredconditionals="0" statements="47" coveredstatements="47" elements="53" coveredelements="53"/>
        </class>
        <line num="18" type="method" name="createMenu" visibility="public" complexity="3" crap="3" count="4"/>
        <line num="20" type="stmt" count="4"/>
        <line num="21" type="stmt" count="4"/>
        <line num="23" type="stmt" count="4"/>
        <line num="24" type="stmt" count="3"/>
        <line num="25" type="stmt" count="4"/>
        <line num="26" type="stmt" count="4"/>
        <line num="27" type="stmt" count="3"/>
        <line num="28" type="stmt" count="4"/>
        <line num="30" type="stmt" count="4"/>
        <line num="31" type="stmt" count="4"/>
        <line num="32" type="stmt" count="4"/>
        <line num="34" type="method" name="execute" visibility="public" complexity="3" crap="3" count="4"/>
        <line num="36" type="stmt" count="4"/>
        <line num="39" type="stmt" count="4"/>
        <line num="40" type="stmt" count="1"/>
        <line num="42" type="stmt" count="3"/>
        <line num="43" type="stmt" count="3"/>
        <line num="44" type="stmt" count="3"/>
        <line num="46" type="stmt" count="3"/>
        <line num="47" type="stmt" count="3"/>
        <line num="49" type="method" name="buildLinktree" visibility="private" complexity="3" crap="3" count="3"/>
        <line num="51" type="stmt" count="3"/>
        <line num="53" type="stmt" count="3"/>
        <line num="54" type="stmt" count="3"/>
        <line num="55" type="stmt" count="3"/>
        <line num="56" type="stmt" count="3"/>
        <line num="57" type="stmt" count="3"/>
        <line num="58" type="stmt" count="3"/>
        <line num="59" type="stmt" count="3"/>
        <line num="60" type="stmt" count="3"/>
        <line num="61" type="stmt" count="3"/>
        <line num="62" type="stmt" count="3"/>
        <line num="63" type="stmt" count="3"/>
        <line num="64" type="stmt" count="1"/>
        <line num="65" type="stmt" count="1"/>
        <line num="66" type="stmt" count="1"/>
        <line num="67" type="stmt" count="1"/>
        <line num="68" type="stmt" count="2"/>
        <line num="69" type="stmt" count="3"/>
        <line num="70" type="stmt" count="3"/>
        <line num="72" type="method" name="addSection" visibility="public" complexity="1" crap="1" count="4"/>
        <line num="74" type="stmt" count="4"/>
        <line num="76" type="stmt" count="4"/>
        <line num="85" type="method" name="addOption" visibility="public" complexity="1" crap="1" count="4"/>
        <line num="87" type="stmt" count="4"/>
        <line num="88" type="stmt" count="4"/>
        <line num="90" type="method" name="__construct" visibility="public" complexity="1" crap="1" count="4"/>
        <line num="92" type="stmt" count="4"/>
        <line num="93" type="stmt" count="4"/>
        <line num="94" type="stmt" count="4"/>
        <line num="95" type="stmt" count="4"/>
        <line num="96" type="stmt" count="4"/>
        <metrics loc="97" ncloc="82" classes="1" methods="6" coveredmethods="6" conditionals="0" coveredconditionals="0" statements="47" coveredstatements="47" elements="53" coveredelements="53"/>
      </file>
      <file name="D:\John\repos\elkarte-addon-helper\src/MenuArea.php">
        <class name="MenuArea" namespace="live627\AddonHelper">
          <metrics complexity="6" methods="2" coveredmethods="2" conditionals="0" coveredconditionals="0" statements="21" coveredstatements="21" elements="23" coveredelements="23"/>
        </class>
        <line num="30" type="method" name="buildFromArray" visibility="public" complexity="5" crap="5" count="4"/>
        <line num="32" type="stmt" count="4"/>
        <line num="33" type="stmt" count="4"/>
        <line num="34" type="stmt" count="4"/>
        <line num="35" type="stmt" count="4"/>
        <line num="36" type="stmt" count="4"/>
        <line num="37" type="stmt" count="4"/>
        <line num="38" type="stmt" count="4"/>
        <line num="39" type="stmt" count="4"/>
        <line num="40" type="stmt" count="4"/>
        <line num="41" type="stmt" count="4"/>
        <line num="42" type="stmt" count="4"/>
        <line num="44" type="stmt" count="4"/>
        <line num="47" type="method" name="addSubsection" visibility="public" complexity="1" crap="1" count="4"/>
        <line num="49" type="stmt" count="4"/>
        <line num="50" type="stmt" count="4"/>
        <line num="52" type="stmt" count="4"/>
        <line num="53" type="stmt" count="4"/>
        <line num="54" type="stmt" count="4"/>
        <line num="55" type="stmt" count="4"/>
        <line num="57" type="stmt" count="4"/>
        <line num="58" type="stmt" count="4"/>
        <line num="60" type="stmt" count="4"/>
        <metrics loc="62" ncloc="42" classes="1" methods="2" coveredmethods="2" conditionals="0" coveredconditionals="0" statements="21" coveredstatements="21" elements="23" coveredelements="23"/>
      </file>
      <file name="D:\John\repos\elkarte-addon-helper\src/MenuSection.php">
        <class name="MenuSection" namespace="live627\AddonHelper">
          <metrics complexity="6" methods="2" coveredmethods="2" conditionals="0" coveredconditionals="0" statements="14" coveredstatements="14" elements="16" coveredelements="16"/>
        </class>
        <line num="23" type="method" name="buildFromArray" visibility="public" complexity="5" crap="5" count="4"/>
        <line num="25" type="stmt" count="4"/>
        <line num="26" type="stmt" count="4"/>
        <line num="27" type="stmt" count="4"/>
        <line num="28" type="stmt" count="4"/>
        <line num="29" type="stmt" count="4"/>
        <line num="30" type="stmt" count="4"/>
        <line num="31" type="stmt" count="4"/>
        <line num="32" type="stmt" count="4"/>
        <line num="33" type="stmt" count="4"/>
        <line num="34" type="stmt" count="4"/>
        <line num="35" type="stmt" count="4"/>
        <line num="37" type="stmt" count="4"/>
        <line num="40" type="method" name="addArea" visibility="public" complexity="1" crap="1" count="4"/>
        <line num="42" type="stmt" count="4"/>
        <line num="44" type="stmt" count="4"/>
        <metrics loc="46" ncloc="33" classes="1" methods="2" coveredmethods="2" conditionals="0" coveredconditionals="0" statements="14" coveredstatements="14" elements="16" coveredelements="16"/>
      </file>
      <file name="D:\John\repos\elkarte-addon-helper\src/MenuSubsection.php">
        <class name="MenuSubsection" namespace="live627\AddonHelper">
          <metrics complexity="1" methods="1" coveredmethods="1" conditionals="0" coveredconditionals="0" statements="6" coveredstatements="6" elements="7" coveredelements="7"/>
        </class>
        <line num="33" type="method" name="__construct" visibility="public" complexity="1" crap="1" count="4"/>
        <line num="35" type="stmt" count="4"/>
        <line num="36" type="stmt" count="4"/>
        <line num="37" type="stmt" count="4"/>
        <line num="38" type="stmt" count="4"/>
        <line num="39" type="stmt" count="4"/>
        <line num="40" type="stmt" count="4"/>
        <metrics loc="41" ncloc="18" classes="1" methods="1" coveredmethods="1" conditionals="0" coveredconditionals="0" statements="6" coveredstatements="6" elements="7" coveredelements="7"/>
      </file>
      <file name="D:\John\repos\elkarte-addon-helper\src/Nonce.php">
        <class name="Nonce" namespace="live627\AddonHelper">
          <metrics complexity="20" methods="10" coveredmethods="10" conditionals="0" coveredconditionals="0" statements="46" coveredstatements="46" elements="56" coveredelements="56"/>
        </class>
        <line num="43" type="method" name="__construct" visibility="public" complexity="3" crap="3" count="32"/>
        <line num="45" type="stmt" count="32"/>
        <line num="46" type="stmt" count="1"/>
        <line num="48" type="stmt" count="32"/>
        <line num="49" type="stmt" count="32"/>
        <line num="50" type="stmt" count="32"/>
        <line num="51" type="stmt" count="32"/>
        <line num="62" type="method" name="check" visibility="public" complexity="3" crap="3" count="6"/>
        <line num="64" type="stmt" count="6"/>
        <line num="67" type="stmt" count="6"/>
        <line num="70" type="stmt" count="6"/>
        <line num="71" type="stmt" count="1"/>
        <line num="74" type="stmt" count="5"/>
        <line num="75" type="stmt" count="1"/>
        <line num="77" type="stmt" count="4"/>
        <line num="78" type="stmt" count="2"/>
        <line num="80" type="stmt" count="1"/>
        <line num="91" type="method" name="checkOrigin" visibility="private" complexity="3" crap="3" count="4"/>
        <line num="93" type="stmt" count="4"/>
        <line num="94" type="stmt" count="4"/>
        <line num="95" type="stmt" count="4"/>
        <line num="97" type="stmt" count="4"/>
        <line num="98" type="stmt" count="4"/>
        <line num="99" type="stmt" count="1"/>
        <line num="101" type="stmt" count="3"/>
        <line num="102" type="stmt" count="1"/>
        <line num="104" type="stmt" count="2"/>
        <line num="112" type="method" name="checkExpiration" visibility="private" complexity="4" crap="4" count="2"/>
        <line num="114" type="stmt" count="2"/>
        <line num="115" type="stmt" count="2"/>
        <line num="116" type="stmt" count="2"/>
        <line num="117" type="stmt" count="2"/>
        <line num="118" type="stmt" count="1"/>
        <line num="120" type="stmt" count="1"/>
        <line num="125" type="method" name="getHash" visibility="public" complexity="1" crap="1" count="4"/>
        <line num="127" type="stmt" count="4"/>
        <line num="133" type="method" name="setKey" visibility="public" complexity="1" crap="1" count="1"/>
        <line num="135" type="stmt" count="1"/>
        <line num="136" type="stmt" count="1"/>
        <line num="141" type="method" name="getKey" visibility="public" complexity="1" crap="1" count="6"/>
        <line num="143" type="stmt" count="6"/>
        <line num="149" type="method" name="setTtl" visibility="public" complexity="2" crap="2" count="3"/>
        <line num="151" type="stmt" count="3"/>
        <line num="152" type="stmt" count="1"/>
        <line num="154" type="stmt" count="2"/>
        <line num="155" type="stmt" count="2"/>
        <line num="160" type="method" name="getTtl" visibility="public" complexity="1" crap="1" count="1"/>
        <line num="162" type="stmt" count="1"/>
        <line num="170" type="method" name="generate" visibility="public" complexity="1" crap="1" count="4"/>
        <line num="173" type="stmt" count="4"/>
        <line num="174" type="stmt" count="4"/>
        <line num="175" type="stmt" count="4"/>
        <line num="176" type="stmt" count="4"/>
        <line num="177" type="stmt" count="4"/>
        <line num="178" type="stmt" count="4"/>
        <line num="180" type="stmt" count="4"/>
        <metrics loc="182" ncloc="108" classes="1" methods="10" coveredmethods="10" conditionals="0" coveredconditionals="0" statements="46" coveredstatements="46" elements="56" coveredelements="56"/>
      </file>
      <file name="D:\John\repos\elkarte-addon-helper\src/Ohara.php">
        <class name="Ohara" namespace="live627\AddonHelper">
          <metrics complexity="23" methods="13" coveredmethods="13" conditionals="0" coveredconditionals="0" statements="46" coveredstatements="46" elements="59" coveredelements="59"/>
        </class>
        <line num="73" type="method" name="__construct" visibility="public" complexity="1" crap="1" count="32"/>
        <line num="75" type="stmt" count="32"/>
        <line num="77" type="stmt" count="32"/>
        <line num="78" type="stmt" count="32"/>
        <line num="79" type="stmt" count="32"/>
        <line num="80" type="stmt" count="32"/>
        <line num="81" type="stmt" count="32"/>
        <line num="82" type="stmt" count="32"/>
        <line num="87" type="method" name="actionIndex" visibility="public" complexity="1" crap="1" count="1"/>
        <line num="89" type="stmt" count="1"/>
        <line num="99" type="method" name="action_index" visibility="public" complexity="1" crap="1" count="3"/>
        <line num="101" type="stmt" count="3"/>
        <line num="108" type="method" name="getName" visibility="public" complexity="1" crap="1" count="1"/>
        <line num="110" type="stmt" count="1"/>
        <line num="116" type="method" name="setName" visibility="public" complexity="1" crap="1" count="1"/>
        <line num="118" type="stmt" count="1"/>
        <line num="119" type="stmt" count="1"/>
        <line num="124" type="method" name="getContainer" visibility="public" complexity="1" crap="1" count="32"/>
        <line num="126" type="stmt" count="32"/>
        <line num="132" type="method" name="setContainer" visibility="public" complexity="1" crap="1" count="1"/>
        <line num="134" type="stmt" count="1"/>
        <line num="135" type="stmt" count="1"/>
        <line num="146" type="method" name="text" visibility="public" complexity="4" crap="4" count="8"/>
        <line num="148" type="stmt" count="8"/>
        <line num="151" type="stmt" count="8"/>
        <line num="152" type="stmt" count="3"/>
        <line num="155" type="stmt" count="5"/>
        <line num="156" type="stmt" count="5"/>
        <line num="157" type="stmt" count="5"/>
        <line num="159" type="stmt" count="5"/>
        <line num="173" type="method" name="setText" visibility="private" complexity="4" crap="4" count="5"/>
        <line num="175" type="stmt" count="5"/>
        <line num="178" type="stmt" count="5"/>
        <line num="180" type="stmt" count="5"/>
        <line num="181" type="stmt" count="5"/>
        <line num="182" type="stmt" count="2"/>
        <line num="183" type="stmt" count="5"/>
        <line num="184" type="stmt" count="1"/>
        <line num="185" type="stmt" count="5"/>
        <line num="186" type="stmt" count="2"/>
        <line num="187" type="stmt" count="2"/>
        <line num="189" type="stmt" count="5"/>
        <line num="197" type="method" name="getAllText" visibility="public" complexity="1" crap="1" count="1"/>
        <line num="199" type="stmt" count="1"/>
        <line num="212" type="method" name="enable" visibility="public" complexity="3" crap="3" count="1"/>
        <line num="214" type="stmt" count="1"/>
        <line num="217" type="stmt" count="1"/>
        <line num="218" type="stmt" count="1"/>
        <line num="221" type="stmt" count="1"/>
        <line num="233" type="method" name="setting" visibility="public" complexity="2" crap="2" count="1"/>
        <line num="235" type="stmt" count="1"/>
        <line num="237" type="stmt" count="1"/>
        <line num="238" type="stmt" count="1"/>
        <line num="240" type="stmt" count="1"/>
        <line num="253" type="method" name="modSetting" visibility="public" complexity="2" crap="2" count="1"/>
        <line num="255" type="stmt" count="1"/>
        <line num="257" type="stmt" count="1"/>
        <line num="258" type="stmt" count="1"/>
        <line num="260" type="stmt" count="1"/>
        <metrics loc="263" ncloc="130" classes="1" methods="13" coveredmethods="13" conditionals="0" coveredconditionals="0" statements="46" coveredstatements="46" elements="59" coveredelements="59"/>
      </file>
      <file name="D:\John\repos\elkarte-addon-helper\src/ServiceProvider.php">
        <class name="ServiceProvider" namespace="live627\AddonHelper">
          <metrics complexity="2" methods="2" coveredmethods="2" conditionals="0" coveredconditionals="0" statements="10" coveredstatements="10" elements="12" coveredelements="12"/>
        </class>
        <line num="22" type="method" name="getServices" visibility="public" complexity="1" crap="1" count="32"/>
        <line num="26" type="stmt" count="6"/>
        <line num="27" type="stmt" count="32"/>
        <line num="29" type="stmt" count="3"/>
        <line num="30" type="stmt" count="32"/>
        <line num="32" type="stmt" count="6"/>
        <line num="33" type="stmt" count="32"/>
        <line num="34" type="method" name="anonymous function" complexity="1" crap="1" count="32"/>
        <line num="35" type="stmt" count="32"/>
        <line num="36" type="stmt" count="32"/>
        <line num="38" type="stmt" count="32"/>
        <line num="39" type="stmt" count="32"/>
        <line num="40" type="stmt" count="32"/>
        <metrics loc="42" ncloc="32" classes="1" methods="2" coveredmethods="2" conditionals="0" coveredconditionals="0" statements="11" coveredstatements="11" elements="13" coveredelements="13"/>
      </file>
      <file name="D:\John\repos\elkarte-addon-helper\src/Session.php">
        <class name="Session" namespace="live627\AddonHelper">
          <metrics complexity="5" methods="3" coveredmethods="3" conditionals="0" coveredconditionals="0" statements="11" coveredstatements="11" elements="14" coveredelements="14"/>
        </class>
        <line num="21" type="method" name="put" visibility="public" complexity="1" crap="1" count="4"/>
        <line num="23" type="stmt" count="4"/>
        <line num="24" type="stmt" count="4"/>
        <line num="33" type="method" name="pull" visibility="public" complexity="2" crap="2" count="6"/>
        <line num="35" type="stmt" count="6"/>
        <line num="36" type="stmt" count="6"/>
        <line num="37" type="stmt" count="5"/>
        <line num="38" type="stmt" count="5"/>
        <line num="39" type="stmt" count="5"/>
        <line num="41" type="stmt" count="6"/>
        <line num="51" type="method" name="get" visibility="public" complexity="2" crap="2" count="6"/>
        <line num="53" type="stmt" count="6"/>
        <line num="54" type="stmt" count="5"/>
        <line num="57" type="stmt" count="1"/>
        <metrics loc="59" ncloc="32" classes="1" methods="3" coveredmethods="3" conditionals="0" coveredconditionals="0" statements="11" coveredstatements="11" elements="14" coveredelements="14"/>
      </file>
    </package>
    <file name="D:\John\repos\elkarte-addon-helper\src/ControllerInterface.php">
      <metrics loc="36" ncloc="17" classes="0" methods="0" coveredmethods="0" conditionals="0" coveredconditionals="0" statements="0" coveredstatements="0" elements="0" coveredelements="0"/>
    </file>
    <file name="D:\John\repos\elkarte-addon-helper\src/DataMapperInterface.php">
      <metrics loc="59" ncloc="19" classes="0" methods="0" coveredmethods="0" conditionals="0" coveredconditionals="0" statements="0" coveredstatements="0" elements="0" coveredelements="0"/>
    </file>
    <file name="D:\John\repos\elkarte-addon-helper\src/EntityInterface.php">
      <metrics loc="46" ncloc="19" classes="0" methods="0" coveredmethods="0" conditionals="0" coveredconditionals="0" statements="0" coveredstatements="0" elements="0" coveredelements="0"/>
    </file>
    <package name="live627\AddonHelper\Exceptions">
      <file name="D:\John\repos\elkarte-addon-helper\src/Exceptions/BadCombinationException.php">
        <class name="BadCombinationException" namespace="live627\AddonHelper\Exceptions">
          <metrics complexity="0" methods="0" coveredmethods="0" conditionals="0" coveredconditionals="0" statements="0" coveredstatements="0" elements="0" coveredelements="0"/>
        </class>
        <metrics loc="15" ncloc="8" classes="1" methods="0" coveredmethods="0" conditionals="0" coveredconditionals="0" statements="0" coveredstatements="0" elements="0" coveredelements="0"/>
      </file>
      <file name="D:\John\repos\elkarte-addon-helper\src/Exceptions/MissingDataException.php">
        <class name="MissingDataException" namespace="live627\AddonHelper\Exceptions">
          <metrics complexity="0" methods="0" coveredmethods="0" conditionals="0" coveredconditionals="0" statements="0" coveredstatements="0" elements="0" coveredelements="0"/>
        </class>
        <metrics loc="15" ncloc="8" classes="1" methods="0" coveredmethods="0" conditionals="0" coveredconditionals="0" statements="0" coveredstatements="0" elements="0" coveredelements="0"/>
      </file>
      <file name="D:\John\repos\elkarte-addon-helper\src/Exceptions/ValidationException.php">
        <class name="ValidationException" namespace="live627\AddonHelper\Exceptions">
          <metrics complexity="0" methods="0" coveredmethods="0" conditionals="0" coveredconditionals="0" statements="0" coveredstatements="0" elements="0" coveredelements="0"/>
        </class>
        <metrics loc="15" ncloc="8" classes="1" methods="0" coveredmethods="0" conditionals="0" coveredconditionals="0" statements="0" coveredstatements="0" elements="0" coveredelements="0"/>
      </file>
    </package>
    <file name="D:\John\repos\elkarte-addon-helper\src/ServiceLayerInterface.php">
      <metrics loc="36" ncloc="15" classes="0" methods="0" coveredmethods="0" conditionals="0" coveredconditionals="0" statements="0" coveredstatements="0" elements="0" coveredelements="0"/>
    </file>
    <metrics files="21" loc="1378" ncloc="792" classes="17" methods="57" coveredmethods="57" conditionals="0" coveredconditionals="0" statements="285" coveredstatements="285" elements="342" coveredelements="342"/>
  </project>
</coverage>
